# JRE version: Java(TM) SE Runtime Environment (8.0_221-b11) (build 1.8.0_221-b11)
# Java VM: Java HotSpot(TM) 64-Bit Server VM (25.221-b11 mixed mode windows-amd64 compressed oops)
Heap:
 PSYoungGen      total 37376K, used 18134K [0x00000000eb000000, 0x00000000eed00000, 0x0000000100000000)
  eden space 31744K, 45% used [0x00000000eb000000,0x00000000ebe04c88,0x00000000ecf00000)
  from space 5632K, 67% used [0x00000000ed480000,0x00000000ed830d00,0x00000000eda00000)
  to   space 5632K, 0% used [0x00000000ecf00000,0x00000000ecf00000,0x00000000ed480000)
 ParOldGen       total 44032K, used 14029K [0x00000000c1000000, 0x00000000c3b00000, 0x00000000eb000000)
  object space 44032K, 31% used [0x00000000c1000000,0x00000000c1db3468,0x00000000c3b00000)
 Metaspace       used 19151K, capacity 19604K, committed 19840K, reserved 1067008K
  class space    used 2167K, capacity 2313K, committed 2432K, reserved 1048576K
GC Heap History (10 events):
Event: 4.933 GC heap before
{Heap before GC invocations=6 (full 0):
 PSYoungGen      total 18944K, used 18928K [0x00000000eb000000, 0x00000000ecc00000, 0x0000000100000000)
  eden space 16384K, 100% used [0x00000000eb000000,0x00000000ec000000,0x00000000ec000000)
  from space 2560K, 99% used [0x00000000ec000000,0x00000000ec27c010,0x00000000ec280000)
  to   space 6144K, 0% used [0x00000000ec600000,0x00000000ec600000,0x00000000ecc00000)
 ParOldGen       total 44032K, used 8659K [0x00000000c1000000, 0x00000000c3b00000, 0x00000000eb000000)
  object space 44032K, 19% used [0x00000000c1000000,0x00000000c1874c08,0x00000000c3b00000)
 Metaspace       used 15449K, capacity 15688K, committed 15872K, reserved 1062912K
  class space    used 1858K, capacity 1972K, committed 2048K, reserved 1048576K
Event: 4.954 GC heap after
Heap after GC invocations=6 (full 0):
 PSYoungGen      total 22528K, used 4515K [0x00000000eb000000, 0x00000000edc00000, 0x0000000100000000)
  eden space 16384K, 0% used [0x00000000eb000000,0x00000000eb000000,0x00000000ec000000)
  from space 6144K, 73% used [0x00000000ec600000,0x00000000eca68e80,0x00000000ecc00000)
  to   space 6144K, 0% used [0x00000000ec000000,0x00000000ec000000,0x00000000ec600000)
 ParOldGen       total 44032K, used 8667K [0x00000000c1000000, 0x00000000c3b00000, 0x00000000eb000000)
  object space 44032K, 19% used [0x00000000c1000000,0x00000000c1876c08,0x00000000c3b00000)
 Metaspace       used 15449K, capacity 15688K, committed 15872K, reserved 1062912K
  class space    used 1858K, capacity 1972K, committed 2048K, reserved 1048576K
}
Event: 6.029 GC heap before
{Heap before GC invocations=7 (full 0):
 PSYoungGen      total 22528K, used 20899K [0x00000000eb000000, 0x00000000edc00000, 0x0000000100000000)
  eden space 16384K, 100% used [0x00000000eb000000,0x00000000ec000000,0x00000000ec000000)
  from space 6144K, 73% used [0x00000000ec600000,0x00000000eca68e80,0x00000000ecc00000)
  to   space 6144K, 0% used [0x00000000ec000000,0x00000000ec000000,0x00000000ec600000)
 ParOldGen       total 44032K, used 8667K [0x00000000c1000000, 0x00000000c3b00000, 0x00000000eb000000)
  object space 44032K, 19% used [0x00000000c1000000,0x00000000c1876c08,0x00000000c3b00000)
 Metaspace       used 15865K, capacity 16096K, committed 16384K, reserved 1062912K
  class space    used 1893K, capacity 1980K, committed 2048K, reserved 1048576K
Event: 6.041 GC heap after
Heap after GC invocations=7 (full 0):
 PSYoungGen      total 22528K, used 3808K [0x00000000eb000000, 0x00000000edc00000, 0x0000000100000000)
  eden space 16384K, 0% used [0x00000000eb000000,0x00000000eb000000,0x00000000ec000000)
  from space 6144K, 61% used [0x00000000ec000000,0x00000000ec3b8020,0x00000000ec600000)
  to   space 6144K, 0% used [0x00000000ed600000,0x00000000ed600000,0x00000000edc00000)
 ParOldGen       total 44032K, used 9883K [0x00000000c1000000, 0x00000000c3b00000, 0x00000000eb000000)
  object space 44032K, 22% used [0x00000000c1000000,0x00000000c19a6c28,0x00000000c3b00000)
 Metaspace       used 15865K, capacity 16096K, committed 16384K, reserved 1062912K
  class space    used 1893K, capacity 1980K, committed 2048K, reserved 1048576K
}
Event: 6.720 GC heap before
{Heap before GC invocations=8 (full 0):
 PSYoungGen      total 22528K, used 20192K [0x00000000eb000000, 0x00000000edc00000, 0x0000000100000000)
  eden space 16384K, 100% used [0x00000000eb000000,0x00000000ec000000,0x00000000ec000000)
  from space 6144K, 61% used [0x00000000ec000000,0x00000000ec3b8020,0x00000000ec600000)
  to   space 6144K, 0% used [0x00000000ed600000,0x00000000ed600000,0x00000000edc00000)
 ParOldGen       total 44032K, used 9883K [0x00000000c1000000, 0x00000000c3b00000, 0x00000000eb000000)
  object space 44032K, 22% used [0x00000000c1000000,0x00000000c19a6c28,0x00000000c3b00000)
 Metaspace       used 16499K, capacity 16736K, committed 16896K, reserved 1064960K
  class space    used 1949K, capacity 2044K, committed 2048K, reserved 1048576K
Event: 6.729 GC heap after
Heap after GC invocations=8 (full 0):
 PSYoungGen      total 37888K, used 4071K [0x00000000eb000000, 0x00000000edb00000, 0x0000000100000000)
  eden space 32768K, 0% used [0x00000000eb000000,0x00000000eb000000,0x00000000ed000000)
  from space 5120K, 79% used [0x00000000ed600000,0x00000000ed9f9f40,0x00000000edb00000)
  to   space 5632K, 0% used [0x00000000ed000000,0x00000000ed000000,0x00000000ed580000)
 ParOldGen       total 44032K, used 10573K [0x00000000c1000000, 0x00000000c3b00000, 0x00000000eb000000)
  object space 44032K, 24% used [0x00000000c1000000,0x00000000c1a53468,0x00000000c3b00000)
 Metaspace       used 16499K, capacity 16736K, committed 16896K, reserved 1064960K
  class space    used 1949K, capacity 2044K, committed 2048K, reserved 1048576K
}
Event: 8.800 GC heap before
{Heap before GC invocations=9 (full 0):
 PSYoungGen      total 37888K, used 36839K [0x00000000eb000000, 0x00000000edb00000, 0x0000000100000000)
  eden space 32768K, 100% used [0x00000000eb000000,0x00000000ed000000,0x00000000ed000000)
  from space 5120K, 79% used [0x00000000ed600000,0x00000000ed9f9f40,0x00000000edb00000)
  to   space 5632K, 0% used [0x00000000ed000000,0x00000000ed000000,0x00000000ed580000)
 ParOldGen       total 44032K, used 10573K [0x00000000c1000000, 0x00000000c3b00000, 0x00000000eb000000)
  object space 44032K, 24% used [0x00000000c1000000,0x00000000c1a53468,0x00000000c3b00000)
 Metaspace       used 17262K, capacity 17666K, committed 17792K, reserved 1064960K
  class space    used 1989K, capacity 2118K, committed 2176K, reserved 1048576K
Event: 8.808 GC heap after
Heap after GC invocations=9 (full 0):
 PSYoungGen      total 35328K, used 3533K [0x00000000eb000000, 0x00000000eda00000, 0x0000000100000000)
  eden space 31744K, 0% used [0x00000000eb000000,0x00000000eb000000,0x00000000ecf00000)
  from space 3584K, 98% used [0x00000000ed000000,0x00000000ed373430,0x00000000ed380000)
  to   space 5632K, 0% used [0x00000000ed480000,0x00000000ed480000,0x00000000eda00000)
 ParOldGen       total 44032K, used 12637K [0x00000000c1000000, 0x00000000c3b00000, 0x00000000eb000000)
  object space 44032K, 28% used [0x00000000c1000000,0x00000000c1c57468,0x00000000c3b00000)
 Metaspace       used 17262K, capacity 17666K, committed 17792K, reserved 1064960K
  class space    used 1989K, capacity 2118K, committed 2176K, reserved 1048576K
}
Event: 9.636 GC heap before
{Heap before GC invocations=10 (full 0):
 PSYoungGen      total 35328K, used 35277K [0x00000000eb000000, 0x00000000eda00000, 0x0000000100000000)
  eden space 31744K, 100% used [0x00000000eb000000,0x00000000ecf00000,0x00000000ecf00000)
  from space 3584K, 98% used [0x00000000ed000000,0x00000000ed373430,0x00000000ed380000)
  to   space 5632K, 0% used [0x00000000ed480000,0x00000000ed480000,0x00000000eda00000)
 ParOldGen       total 44032K, used 12637K [0x00000000c1000000, 0x00000000c3b00000, 0x00000000eb000000)
  object space 44032K, 28% used [0x00000000c1000000,0x00000000c1c57468,0x00000000c3b00000)
 Metaspace       used 18337K, capacity 18772K, committed 18944K, reserved 1067008K
  class space    used 2083K, capacity 2249K, committed 2304K, reserved 1048576K
Event: 9.656 GC heap after
Heap after GC invocations=10 (full 0):
 PSYoungGen      total 37376K, used 3779K [0x00000000eb000000, 0x00000000eed00000, 0x0000000100000000)
  eden space 31744K, 0% used [0x00000000eb000000,0x00000000eb000000,0x00000000ecf00000)
  from space 5632K, 67% used [0x00000000ed480000,0x00000000ed830d00,0x00000000eda00000)
  to   space 5632K, 0% used [0x00000000ecf00000,0x00000000ecf00000,0x00000000ed480000)
 ParOldGen       total 44032K, used 14029K [0x00000000c1000000, 0x00000000c3b00000, 0x00000000eb000000)
  object space 44032K, 31% used [0x00000000c1000000,0x00000000c1db3468,0x00000000c3b00000)
 Metaspace       used 18337K, capacity 18772K, committed 18944K, reserved 1067008K
  class space    used 2083K, capacity 2249K, committed 2304K, reserved 1048576K
}

