# JRE version: Java(TM) SE Runtime Environment (8.0_221-b11) (build 1.8.0_221-b11)
# Java VM: Java HotSpot(TM) 64-Bit Server VM (25.221-b11 mixed mode windows-amd64 compressed oops)
Heap:
 PSYoungGen      total 68608K, used 34984K [0x00000000eb000000, 0x00000000f1680000, 0x0000000100000000)
  eden space 61952K, 45% used [0x00000000eb000000,0x00000000ecbaab60,0x00000000eec80000)
  from space 6656K, 99% used [0x00000000ef600000,0x00000000efc7f608,0x00000000efc80000)
  to   space 9728K, 0% used [0x00000000eec80000,0x00000000eec80000,0x00000000ef600000)
 ParOldGen       total 40448K, used 12844K [0x00000000c1000000, 0x00000000c3780000, 0x00000000eb000000)
  object space 40448K, 31% used [0x00000000c1000000,0x00000000c1c8b278,0x00000000c3780000)
 Metaspace       used 24273K, capacity 24736K, committed 25088K, reserved 1071104K
  class space    used 2843K, capacity 3001K, committed 3072K, reserved 1048576K
GC Heap History (10 events):
Event: 3.190 GC heap before
{Heap before GC invocations=5 (full 0):
 PSYoungGen      total 35328K, used 35312K [0x00000000eb000000, 0x00000000ed500000, 0x0000000100000000)
  eden space 32768K, 100% used [0x00000000eb000000,0x00000000ed000000,0x00000000ed000000)
  from space 2560K, 99% used [0x00000000ed280000,0x00000000ed4fc030,0x00000000ed500000)
  to   space 2560K, 0% used [0x00000000ed000000,0x00000000ed000000,0x00000000ed280000)
 ParOldGen       total 44032K, used 5710K [0x00000000c1000000, 0x00000000c3b00000, 0x00000000eb000000)
  object space 44032K, 12% used [0x00000000c1000000,0x00000000c1593ae8,0x00000000c3b00000)
 Metaspace       used 15242K, capacity 15464K, committed 15872K, reserved 1062912K
  class space    used 1848K, capacity 1940K, committed 2048K, reserved 1048576K
Event: 3.202 GC heap after
Heap after GC invocations=5 (full 0):
 PSYoungGen      total 35328K, used 2544K [0x00000000eb000000, 0x00000000eff00000, 0x0000000100000000)
  eden space 32768K, 0% used [0x00000000eb000000,0x00000000eb000000,0x00000000ed000000)
  from space 2560K, 99% used [0x00000000ed000000,0x00000000ed27c030,0x00000000ed280000)
  to   space 7680K, 0% used [0x00000000ef780000,0x00000000ef780000,0x00000000eff00000)
 ParOldGen       total 44032K, used 10433K [0x00000000c1000000, 0x00000000c3b00000, 0x00000000eb000000)
  object space 44032K, 23% used [0x00000000c1000000,0x00000000c1a307d0,0x00000000c3b00000)
 Metaspace       used 15242K, capacity 15464K, committed 15872K, reserved 1062912K
  class space    used 1848K, capacity 1940K, committed 2048K, reserved 1048576K
}
Event: 6.119 GC heap before
{Heap before GC invocations=6 (full 0):
 PSYoungGen      total 35328K, used 35312K [0x00000000eb000000, 0x00000000eff00000, 0x0000000100000000)
  eden space 32768K, 100% used [0x00000000eb000000,0x00000000ed000000,0x00000000ed000000)
  from space 2560K, 99% used [0x00000000ed000000,0x00000000ed27c030,0x00000000ed280000)
  to   space 7680K, 0% used [0x00000000ef780000,0x00000000ef780000,0x00000000eff00000)
 ParOldGen       total 44032K, used 10433K [0x00000000c1000000, 0x00000000c3b00000, 0x00000000eb000000)
  object space 44032K, 23% used [0x00000000c1000000,0x00000000c1a307d0,0x00000000c3b00000)
 Metaspace       used 16327K, capacity 16632K, committed 17024K, reserved 1064960K
  class space    used 1947K, capacity 2052K, committed 2176K, reserved 1048576K
Event: 6.131 GC heap after
Heap after GC invocations=6 (full 0):
 PSYoungGen      total 72192K, used 4915K [0x00000000eb000000, 0x00000000efe00000, 0x0000000100000000)
  eden space 65536K, 0% used [0x00000000eb000000,0x00000000eb000000,0x00000000ef000000)
  from space 6656K, 73% used [0x00000000ef780000,0x00000000efc4cf80,0x00000000efe00000)
  to   space 7168K, 0% used [0x00000000ef000000,0x00000000ef000000,0x00000000ef700000)
 ParOldGen       total 44032K, used 10433K [0x00000000c1000000, 0x00000000c3b00000, 0x00000000eb000000)
  object space 44032K, 23% used [0x00000000c1000000,0x00000000c1a307d0,0x00000000c3b00000)
 Metaspace       used 16327K, capacity 16632K, committed 17024K, reserved 1064960K
  class space    used 1947K, capacity 2052K, committed 2176K, reserved 1048576K
}
Event: 8.736 GC heap before
{Heap before GC invocations=7 (full 0):
 PSYoungGen      total 72192K, used 39127K [0x00000000eb000000, 0x00000000efe00000, 0x0000000100000000)
  eden space 65536K, 52% used [0x00000000eb000000,0x00000000ed168e58,0x00000000ef000000)
  from space 6656K, 73% used [0x00000000ef780000,0x00000000efc4cf80,0x00000000efe00000)
  to   space 7168K, 0% used [0x00000000ef000000,0x00000000ef000000,0x00000000ef700000)
 ParOldGen       total 44032K, used 10433K [0x00000000c1000000, 0x00000000c3b00000, 0x00000000eb000000)
  object space 44032K, 23% used [0x00000000c1000000,0x00000000c1a307d0,0x00000000c3b00000)
 Metaspace       used 20616K, capacity 21058K, committed 21296K, reserved 1069056K
  class space    used 2497K, capacity 2613K, committed 2688K, reserved 1048576K
Event: 8.749 GC heap after
Heap after GC invocations=7 (full 0):
 PSYoungGen      total 69120K, used 5870K [0x00000000eb000000, 0x00000000efc80000, 0x0000000100000000)
  eden space 62976K, 0% used [0x00000000eb000000,0x00000000eb000000,0x00000000eed80000)
  from space 6144K, 95% used [0x00000000ef000000,0x00000000ef5bb9d0,0x00000000ef600000)
  to   space 6656K, 0% used [0x00000000ef600000,0x00000000ef600000,0x00000000efc80000)
 ParOldGen       total 44032K, used 11470K [0x00000000c1000000, 0x00000000c3b00000, 0x00000000eb000000)
  object space 44032K, 26% used [0x00000000c1000000,0x00000000c1b33840,0x00000000c3b00000)
 Metaspace       used 20616K, capacity 21058K, committed 21296K, reserved 1069056K
  class space    used 2497K, capacity 2613K, committed 2688K, reserved 1048576K
}
Event: 8.749 GC heap before
{Heap before GC invocations=8 (full 1):
 PSYoungGen      total 69120K, used 5870K [0x00000000eb000000, 0x00000000efc80000, 0x0000000100000000)
  eden space 62976K, 0% used [0x00000000eb000000,0x00000000eb000000,0x00000000eed80000)
  from space 6144K, 95% used [0x00000000ef000000,0x00000000ef5bb9d0,0x00000000ef600000)
  to   space 6656K, 0% used [0x00000000ef600000,0x00000000ef600000,0x00000000efc80000)
 ParOldGen       total 44032K, used 11470K [0x00000000c1000000, 0x00000000c3b00000, 0x00000000eb000000)
  object space 44032K, 26% used [0x00000000c1000000,0x00000000c1b33840,0x00000000c3b00000)
 Metaspace       used 20616K, capacity 21058K, committed 21296K, reserved 1069056K
  class space    used 2497K, capacity 2613K, committed 2688K, reserved 1048576K
Event: 8.878 GC heap after
Heap after GC invocations=8 (full 1):
 PSYoungGen      total 69120K, used 0K [0x00000000eb000000, 0x00000000efc80000, 0x0000000100000000)
  eden space 62976K, 0% used [0x00000000eb000000,0x00000000eb000000,0x00000000eed80000)
  from space 6144K, 0% used [0x00000000ef000000,0x00000000ef000000,0x00000000ef600000)
  to   space 6656K, 0% used [0x00000000ef600000,0x00000000ef600000,0x00000000efc80000)
 ParOldGen       total 40448K, used 9424K [0x00000000c1000000, 0x00000000c3780000, 0x00000000eb000000)
  object space 40448K, 23% used [0x00000000c1000000,0x00000000c1934070,0x00000000c3780000)
 Metaspace       used 20616K, capacity 21058K, committed 21296K, reserved 1069056K
  class space    used 2497K, capacity 2613K, committed 2688K, reserved 1048576K
}
Event: 14.326 GC heap before
{Heap before GC invocations=9 (full 1):
 PSYoungGen      total 69120K, used 62976K [0x00000000eb000000, 0x00000000efc80000, 0x0000000100000000)
  eden space 62976K, 100% used [0x00000000eb000000,0x00000000eed80000,0x00000000eed80000)
  from space 6144K, 0% used [0x00000000ef000000,0x00000000ef000000,0x00000000ef600000)
  to   space 6656K, 0% used [0x00000000ef600000,0x00000000ef600000,0x00000000efc80000)
 ParOldGen       total 40448K, used 9424K [0x00000000c1000000, 0x00000000c3780000, 0x00000000eb000000)
  object space 40448K, 23% used [0x00000000c1000000,0x00000000c1934070,0x00000000c3780000)
 Metaspace       used 23512K, capacity 23968K, committed 24192K, reserved 1071104K
  class space    used 2775K, capacity 2937K, committed 2944K, reserved 1048576K
Event: 14.339 GC heap after
Heap after GC invocations=9 (full 1):
 PSYoungGen      total 68608K, used 6653K [0x00000000eb000000, 0x00000000f1680000, 0x0000000100000000)
  eden space 61952K, 0% used [0x00000000eb000000,0x00000000eb000000,0x00000000eec80000)
  from space 6656K, 99% used [0x00000000ef600000,0x00000000efc7f608,0x00000000efc80000)
  to   space 9728K, 0% used [0x00000000eec80000,0x00000000eec80000,0x00000000ef600000)
 ParOldGen       total 40448K, used 12844K [0x00000000c1000000, 0x00000000c3780000, 0x00000000eb000000)
  object space 40448K, 31% used [0x00000000c1000000,0x00000000c1c8b278,0x00000000c3780000)
 Metaspace       used 23512K, capacity 23968K, committed 24192K, reserved 1071104K
  class space    used 2775K, capacity 2937K, committed 2944K, reserved 1048576K
}

