# JRE version: Java(TM) SE Runtime Environment (8.0_221-b11) (build 1.8.0_221-b11)
# Java VM: Java HotSpot(TM) 64-Bit Server VM (25.221-b11 mixed mode windows-amd64 compressed oops)
Heap:
 PSYoungGen      total 33792K, used 10526K [0x00000000eb000000, 0x00000000ed880000, 0x0000000100000000)
  eden space 27136K, 25% used [0x00000000eb000000,0x00000000eb6d4890,0x00000000eca80000)
  from space 6656K, 53% used [0x00000000ed100000,0x00000000ed4732f0,0x00000000ed780000)
  to   space 6656K, 0% used [0x00000000eca80000,0x00000000eca80000,0x00000000ed100000)
 ParOldGen       total 38400K, used 15079K [0x00000000c1000000, 0x00000000c3580000, 0x00000000eb000000)
  object space 38400K, 39% used [0x00000000c1000000,0x00000000c1eb9c98,0x00000000c3580000)
 Metaspace       used 24411K, capacity 24864K, committed 25088K, reserved 1071104K
  class space    used 2850K, capacity 3001K, committed 3072K, reserved 1048576K
GC Heap History (10 events):
Event: 11.649 GC heap before
{Heap before GC invocations=11 (full 1):
 PSYoungGen      total 19456K, used 2677K [0x00000000eb000000, 0x00000000ed100000, 0x0000000100000000)
  eden space 16384K, 0% used [0x00000000eb000000,0x00000000eb000000,0x00000000ec000000)
  from space 3072K, 87% used [0x00000000ece00000,0x00000000ed09d560,0x00000000ed100000)
  to   space 6144K, 0% used [0x00000000ec500000,0x00000000ec500000,0x00000000ecb00000)
 ParOldGen       total 44032K, used 13895K [0x00000000c1000000, 0x00000000c3b00000, 0x00000000eb000000)
  object space 44032K, 31% used [0x00000000c1000000,0x00000000c1d91d90,0x00000000c3b00000)
 Metaspace       used 20627K, capacity 21058K, committed 21296K, reserved 1069056K
  class space    used 2495K, capacity 2613K, committed 2688K, reserved 1048576K
Event: 11.762 GC heap after
Heap after GC invocations=11 (full 1):
 PSYoungGen      total 19456K, used 0K [0x00000000eb000000, 0x00000000ed100000, 0x0000000100000000)
  eden space 16384K, 0% used [0x00000000eb000000,0x00000000eb000000,0x00000000ec000000)
  from space 3072K, 0% used [0x00000000ece00000,0x00000000ece00000,0x00000000ed100000)
  to   space 6144K, 0% used [0x00000000ec500000,0x00000000ec500000,0x00000000ecb00000)
 ParOldGen       total 38400K, used 9216K [0x00000000c1000000, 0x00000000c3580000, 0x00000000eb000000)
  object space 38400K, 24% used [0x00000000c1000000,0x00000000c1900370,0x00000000c3580000)
 Metaspace       used 20627K, capacity 21058K, committed 21296K, reserved 1069056K
  class space    used 2495K, capacity 2613K, committed 2688K, reserved 1048576K
}
Event: 12.475 GC heap before
{Heap before GC invocations=12 (full 1):
 PSYoungGen      total 19456K, used 16384K [0x00000000eb000000, 0x00000000ed100000, 0x0000000100000000)
  eden space 16384K, 100% used [0x00000000eb000000,0x00000000ec000000,0x00000000ec000000)
  from space 3072K, 0% used [0x00000000ece00000,0x00000000ece00000,0x00000000ed100000)
  to   space 6144K, 0% used [0x00000000ec500000,0x00000000ec500000,0x00000000ecb00000)
 ParOldGen       total 38400K, used 9216K [0x00000000c1000000, 0x00000000c3580000, 0x00000000eb000000)
  object space 38400K, 24% used [0x00000000c1000000,0x00000000c1900370,0x00000000c3580000)
 Metaspace       used 21058K, capacity 21538K, committed 21808K, reserved 1069056K
  class space    used 2528K, capacity 2645K, committed 2688K, reserved 1048576K
Event: 12.486 GC heap after
Heap after GC invocations=12 (full 1):
 PSYoungGen      total 27648K, used 6143K [0x00000000eb000000, 0x00000000ed200000, 0x0000000100000000)
  eden space 21504K, 0% used [0x00000000eb000000,0x00000000eb000000,0x00000000ec500000)
  from space 6144K, 99% used [0x00000000ec500000,0x00000000ecafffe0,0x00000000ecb00000)
  to   space 6656K, 0% used [0x00000000ecb80000,0x00000000ecb80000,0x00000000ed200000)
 ParOldGen       total 38400K, used 9240K [0x00000000c1000000, 0x00000000c3580000, 0x00000000eb000000)
  object space 38400K, 24% used [0x00000000c1000000,0x00000000c1906370,0x00000000c3580000)
 Metaspace       used 21058K, capacity 21538K, committed 21808K, reserved 1069056K
  class space    used 2528K, capacity 2645K, committed 2688K, reserved 1048576K
}
Event: 14.133 GC heap before
{Heap before GC invocations=13 (full 1):
 PSYoungGen      total 27648K, used 27647K [0x00000000eb000000, 0x00000000ed200000, 0x0000000100000000)
  eden space 21504K, 100% used [0x00000000eb000000,0x00000000ec500000,0x00000000ec500000)
  from space 6144K, 99% used [0x00000000ec500000,0x00000000ecafffe0,0x00000000ecb00000)
  to   space 6656K, 0% used [0x00000000ecb80000,0x00000000ecb80000,0x00000000ed200000)
 ParOldGen       total 38400K, used 9240K [0x00000000c1000000, 0x00000000c3580000, 0x00000000eb000000)
  object space 38400K, 24% used [0x00000000c1000000,0x00000000c1906370,0x00000000c3580000)
 Metaspace       used 22195K, capacity 22658K, committed 22960K, reserved 1069056K
  class space    used 2652K, capacity 2805K, committed 2816K, reserved 1048576K
Event: 14.143 GC heap after
Heap after GC invocations=13 (full 1):
 PSYoungGen      total 28160K, used 2105K [0x00000000eb000000, 0x00000000ed800000, 0x0000000100000000)
  eden space 21504K, 0% used [0x00000000eb000000,0x00000000eb000000,0x00000000ec500000)
  from space 6656K, 31% used [0x00000000ecb80000,0x00000000ecd8e788,0x00000000ed200000)
  to   space 6656K, 0% used [0x00000000ec500000,0x00000000ec500000,0x00000000ecb80000)
 ParOldGen       total 38400K, used 15071K [0x00000000c1000000, 0x00000000c3580000, 0x00000000eb000000)
  object space 38400K, 39% used [0x00000000c1000000,0x00000000c1eb7c98,0x00000000c3580000)
 Metaspace       used 22195K, capacity 22658K, committed 22960K, reserved 1069056K
  class space    used 2652K, capacity 2805K, committed 2816K, reserved 1048576K
}
Event: 16.267 GC heap before
{Heap before GC invocations=14 (full 1):
 PSYoungGen      total 28160K, used 23609K [0x00000000eb000000, 0x00000000ed800000, 0x0000000100000000)
  eden space 21504K, 100% used [0x00000000eb000000,0x00000000ec500000,0x00000000ec500000)
  from space 6656K, 31% used [0x00000000ecb80000,0x00000000ecd8e788,0x00000000ed200000)
  to   space 6656K, 0% used [0x00000000ec500000,0x00000000ec500000,0x00000000ecb80000)
 ParOldGen       total 38400K, used 15071K [0x00000000c1000000, 0x00000000c3580000, 0x00000000eb000000)
  object space 38400K, 39% used [0x00000000c1000000,0x00000000c1eb7c98,0x00000000c3580000)
 Metaspace       used 23553K, capacity 24064K, committed 24192K, reserved 1071104K
  class space    used 2775K, capacity 2905K, committed 2944K, reserved 1048576K
Event: 16.274 GC heap after
Heap after GC invocations=14 (full 1):
 PSYoungGen      total 28160K, used 4110K [0x00000000eb000000, 0x00000000ed780000, 0x0000000100000000)
  eden space 21504K, 0% used [0x00000000eb000000,0x00000000eb000000,0x00000000ec500000)
  from space 6656K, 61% used [0x00000000ec500000,0x00000000ec903978,0x00000000ecb80000)
  to   space 6656K, 0% used [0x00000000ed100000,0x00000000ed100000,0x00000000ed780000)
 ParOldGen       total 38400K, used 15079K [0x00000000c1000000, 0x00000000c3580000, 0x00000000eb000000)
  object space 38400K, 39% used [0x00000000c1000000,0x00000000c1eb9c98,0x00000000c3580000)
 Metaspace       used 23553K, capacity 24064K, committed 24192K, reserved 1071104K
  class space    used 2775K, capacity 2905K, committed 2944K, reserved 1048576K
}
Event: 16.832 GC heap before
{Heap before GC invocations=15 (full 1):
 PSYoungGen      total 28160K, used 25614K [0x00000000eb000000, 0x00000000ed780000, 0x0000000100000000)
  eden space 21504K, 100% used [0x00000000eb000000,0x00000000ec500000,0x00000000ec500000)
  from space 6656K, 61% used [0x00000000ec500000,0x00000000ec903978,0x00000000ecb80000)
  to   space 6656K, 0% used [0x00000000ed100000,0x00000000ed100000,0x00000000ed780000)
 ParOldGen       total 38400K, used 15079K [0x00000000c1000000, 0x00000000c3580000, 0x00000000eb000000)
  object space 38400K, 39% used [0x00000000c1000000,0x00000000c1eb9c98,0x00000000c3580000)
 Metaspace       used 23789K, capacity 24288K, committed 24448K, reserved 1071104K
  class space    used 2784K, capacity 2937K, committed 2944K, reserved 1048576K
Event: 16.842 GC heap after
Heap after GC invocations=15 (full 1):
 PSYoungGen      total 33792K, used 3532K [0x00000000eb000000, 0x00000000ed880000, 0x0000000100000000)
  eden space 27136K, 0% used [0x00000000eb000000,0x00000000eb000000,0x00000000eca80000)
  from space 6656K, 53% used [0x00000000ed100000,0x00000000ed4732f0,0x00000000ed780000)
  to   space 6656K, 0% used [0x00000000eca80000,0x00000000eca80000,0x00000000ed100000)
 ParOldGen       total 38400K, used 15079K [0x00000000c1000000, 0x00000000c3580000, 0x00000000eb000000)
  object space 38400K, 39% used [0x00000000c1000000,0x00000000c1eb9c98,0x00000000c3580000)
 Metaspace       used 23789K, capacity 24288K, committed 24448K, reserved 1071104K
  class space    used 2784K, capacity 2937K, committed 2944K, reserved 1048576K
}

